[33m[nodemon] 3.1.9[39m
[33m[nodemon] to restart at any time, enter `rs`[39m
[33m[nodemon] watching path(s): *.*[39m
[33m[nodemon] watching extensions: js,mjs,cjs,json[39m
[32m[nodemon] starting `node init.js`[39m
CURRENT VIEW in view.js: welcome
Monday, 23 December 2024 at 20:55:03 GMT Server running at http://192.168.0.15:3000/
nohup: ignoring input
(node:20302) ExperimentalWarning: Watch mode is an experimental feature and might change at any time
(Use `node --trace-warnings ...` to show where the warning was created)
CURRENT VIEW in view.js: welcome
Monday, 23 December 2024 at 21:25:25 GMT Server running at http://192.168.0.15:3000/
Monday, 23 December 2024 at 21:27:19 GMT GET style/view.css
Monday, 23 December 2024 at 21:27:25 GMT GET style/view.css
Monday, 23 December 2024 at 21:27:30 GMT GET style/view.css
Monday, 23 December 2024 at 21:27:35 GMT GET style/view.css
Monday, 23 December 2024 at 21:27:40 GMT GET style/view.css
Monday, 23 December 2024 at 21:27:45 GMT GET style/view.css
Monday, 23 December 2024 at 21:27:50 GMT GET style/view.css
Monday, 23 December 2024 at 21:27:55 GMT GET style/view.css
Monday, 23 December 2024 at 21:28:01 GMT GET style/view.css
Monday, 23 December 2024 at 21:28:06 GMT GET style/view.css
Monday, 23 December 2024 at 21:28:11 GMT GET style/view.css
Monday, 23 December 2024 at 21:28:16 GMT GET style/view.css
Monday, 23 December 2024 at 21:28:21 GMT GET style/view.css
Monday, 23 December 2024 at 21:28:26 GMT GET style/view.css
Monday, 23 December 2024 at 21:28:31 GMT GET style/view.css
Restarting 'init.js'
/home/pi/NodeJS/BigFatQuiz/init.js:235
    case 'style/view.css';
                         ^

SyntaxError: Unexpected token ';'
    at internalCompileFunction (node:internal/vm:73:18)
    at wrapSafe (node:internal/modules/cjs/loader:1176:20)
    at Module._compile (node:internal/modules/cjs/loader:1218:27)
    at Module._extensions..js (node:internal/modules/cjs/loader:1308:10)
    at Module.load (node:internal/modules/cjs/loader:1117:32)
    at Module._load (node:internal/modules/cjs/loader:958:12)
    at Function.executeUserEntryPoint [as runMain] (node:internal/modules/run_main:81:12)
    at node:internal/main/run_main_module:23:47

Node.js v18.16.0
Failed running 'init.js'
Restarting 'init.js'
CURRENT VIEW in view.js: welcome
Monday, 23 December 2024 at 21:28:55 GMT Server running at http://192.168.0.15:3000/
Monday, 23 December 2024 at 21:29:08 GMT GET style/view.css
Monday, 23 December 2024 at 21:29:10 GMT GET style/view.css
Monday, 23 December 2024 at 21:29:15 GMT GET style/view.css
Monday, 23 December 2024 at 21:29:21 GMT GET style/view.css
Monday, 23 December 2024 at 21:29:23 GMT GET style/view.css
Monday, 23 December 2024 at 21:29:26 GMT GET style/view.css
Monday, 23 December 2024 at 21:29:31 GMT GET style/view.css
Monday, 23 December 2024 at 21:29:36 GMT GET style/view.css
Monday, 23 December 2024 at 21:29:41 GMT GET style/view.css
Monday, 23 December 2024 at 21:29:46 GMT GET style/view.css
Monday, 23 December 2024 at 21:29:51 GMT GET style/view.css
Monday, 23 December 2024 at 21:29:56 GMT GET style/view.css
Monday, 23 December 2024 at 21:30:01 GMT GET style/view.css
Monday, 23 December 2024 at 21:30:07 GMT GET style/view.css
Monday, 23 December 2024 at 21:30:12 GMT GET style/view.css
Monday, 23 December 2024 at 21:30:17 GMT GET style/view.css
Monday, 23 December 2024 at 21:30:22 GMT GET style/view.css
Monday, 23 December 2024 at 21:30:25 GMT GET join
Monday, 23 December 2024 at 21:30:27 GMT GET style/view.css
Monday, 23 December 2024 at 21:30:32 GMT GET style/view.css
TEAM NAME:Kevin's Arse Wranglers
New Team Added Kevin's Arse Wranglers
All teams: Big Keith's Toast Wank,Fuggin fuggers,Kevin's Arse Wranglers
File updated ./data/teams.json
Monday, 23 December 2024 at 21:30:35 GMT GET js/init.js
Monday, 23 December 2024 at 21:30:35 GMT GET style/canvas.css
Monday, 23 December 2024 at 21:30:37 GMT GET style/view.css
Monday, 23 December 2024 at 21:30:42 GMT GET style/view.css
Monday, 23 December 2024 at 21:30:44 GMT GET style/canvas.css
Monday, 23 December 2024 at 21:30:48 GMT GET style/view.css
Monday, 23 December 2024 at 21:30:53 GMT GET style/view.css
Monday, 23 December 2024 at 21:30:58 GMT GET style/view.css
Monday, 23 December 2024 at 21:31:03 GMT GET style/view.css
Monday, 23 December 2024 at 21:31:08 GMT GET style/view.css
Monday, 23 December 2024 at 21:31:13 GMT GET style/view.css
Monday, 23 December 2024 at 21:31:18 GMT GET style/view.css
Monday, 23 December 2024 at 21:31:23 GMT GET style/view.css
Monday, 23 December 2024 at 21:31:29 GMT GET style/view.css
Monday, 23 December 2024 at 21:31:34 GMT GET style/view.css
Monday, 23 December 2024 at 21:31:39 GMT GET style/view.css
Monday, 23 December 2024 at 21:31:44 GMT GET style/view.css
Monday, 23 December 2024 at 21:31:49 GMT GET style/view.css
Monday, 23 December 2024 at 21:31:54 GMT GET style/view.css
Monday, 23 December 2024 at 21:32:00 GMT GET style/view.css
Monday, 23 December 2024 at 21:32:05 GMT GET style/view.css
Monday, 23 December 2024 at 21:32:10 GMT GET style/view.css
Monday, 23 December 2024 at 21:32:15 GMT GET style/view.css
Monday, 23 December 2024 at 21:32:20 GMT GET style/view.css
Monday, 23 December 2024 at 21:32:25 GMT GET style/view.css
Monday, 23 December 2024 at 21:32:31 GMT GET style/view.css
Monday, 23 December 2024 at 21:32:36 GMT GET style/view.css
Monday, 23 December 2024 at 21:32:41 GMT GET style/view.css
Monday, 23 December 2024 at 21:32:46 GMT GET style/view.css
Monday, 23 December 2024 at 21:32:51 GMT GET style/view.css
Monday, 23 December 2024 at 21:32:56 GMT GET style/view.css
Restarting 'init.js'
CURRENT VIEW in view.js: welcome
Monday, 23 December 2024 at 21:33:01 GMT Server running at http://192.168.0.15:3000/
Monday, 23 December 2024 at 21:33:02 GMT GET style/view.css
Monday, 23 December 2024 at 21:33:04 GMT GET style/view.css
Monday, 23 December 2024 at 21:33:10 GMT GET style/view.css
Monday, 23 December 2024 at 21:33:15 GMT GET style/view.css
Monday, 23 December 2024 at 21:33:20 GMT GET style/view.css
Monday, 23 December 2024 at 21:33:25 GMT GET style/view.css
Monday, 23 December 2024 at 21:33:27 GMT GET style/view.css
Monday, 23 December 2024 at 21:33:32 GMT GET style/view.css
Monday, 23 December 2024 at 21:33:37 GMT GET style/view.css
Monday, 23 December 2024 at 21:33:41 GMT GET style/view.css
Monday, 23 December 2024 at 21:33:43 GMT GET style/view.css
Monday, 23 December 2024 at 21:33:48 GMT GET style/view.css
Monday, 23 December 2024 at 21:33:49 GMT GET style/view.css
Monday, 23 December 2024 at 21:33:54 GMT GET style/view.css
Monday, 23 December 2024 at 21:33:59 GMT GET style/view.css
Monday, 23 December 2024 at 21:34:05 GMT GET style/view.css
Monday, 23 December 2024 at 21:34:10 GMT GET style/view.css
Monday, 23 December 2024 at 21:34:16 GMT GET style/view.css
Restarting 'init.js'
CURRENT VIEW in view.js: welcome
Monday, 23 December 2024 at 21:34:19 GMT Server running at http://192.168.0.15:3000/
Monday, 23 December 2024 at 21:34:21 GMT GET style/view.css
Monday, 23 December 2024 at 21:34:26 GMT GET style/view.css
Monday, 23 December 2024 at 21:34:31 GMT GET style/view.css
Monday, 23 December 2024 at 21:34:36 GMT GET style/view.css
Monday, 23 December 2024 at 21:34:41 GMT GET style/view.css
Monday, 23 December 2024 at 21:34:46 GMT GET style/view.css
Monday, 23 December 2024 at 21:34:52 GMT GET style/view.css
Monday, 23 December 2024 at 21:34:57 GMT GET style/view.css
Monday, 23 December 2024 at 21:35:02 GMT GET style/view.css
Monday, 23 December 2024 at 21:35:07 GMT GET style/view.css
Monday, 23 December 2024 at 21:35:12 GMT GET style/view.css
Monday, 23 December 2024 at 21:35:17 GMT GET style/view.css
Monday, 23 December 2024 at 21:35:23 GMT GET style/view.css
Monday, 23 December 2024 at 21:35:28 GMT GET style/view.css
Monday, 23 December 2024 at 21:35:33 GMT GET style/view.css
Monday, 23 December 2024 at 21:35:38 GMT GET style/view.css
Monday, 23 December 2024 at 21:35:43 GMT GET style/view.css
Monday, 23 December 2024 at 21:35:49 GMT GET style/view.css
Monday, 23 December 2024 at 21:35:54 GMT GET style/view.css
Monday, 23 December 2024 at 21:35:59 GMT GET style/view.css
Monday, 23 December 2024 at 21:36:04 GMT GET style/view.css
Monday, 23 December 2024 at 21:36:09 GMT GET style/view.css
Monday, 23 December 2024 at 21:36:14 GMT GET style/view.css
Monday, 23 December 2024 at 21:36:20 GMT GET style/view.css
Monday, 23 December 2024 at 21:36:25 GMT GET style/view.css
Monday, 23 December 2024 at 21:36:30 GMT GET style/view.css
Monday, 23 December 2024 at 21:36:35 GMT GET style/view.css
Monday, 23 December 2024 at 21:36:40 GMT GET style/view.css
Monday, 23 December 2024 at 21:36:46 GMT GET style/view.css
Monday, 23 December 2024 at 21:36:51 GMT GET style/view.css
Monday, 23 December 2024 at 21:36:56 GMT GET style/view.css
Monday, 23 December 2024 at 21:37:01 GMT GET style/view.css
Monday, 23 December 2024 at 21:37:06 GMT GET style/view.css
Monday, 23 December 2024 at 21:37:11 GMT GET style/view.css
Monday, 23 December 2024 at 21:37:16 GMT GET style/view.css
Monday, 23 December 2024 at 21:37:22 GMT GET style/view.css
Monday, 23 December 2024 at 21:37:27 GMT GET style/view.css
Monday, 23 December 2024 at 21:37:32 GMT GET style/view.css
Monday, 23 December 2024 at 21:37:37 GMT GET style/view.css
Monday, 23 December 2024 at 21:37:42 GMT GET style/view.css
Monday, 23 December 2024 at 21:37:48 GMT GET style/view.css
Monday, 23 December 2024 at 21:37:53 GMT GET style/view.css
Monday, 23 December 2024 at 21:37:58 GMT GET style/view.css
Monday, 23 December 2024 at 21:38:03 GMT GET style/view.css
Monday, 23 December 2024 at 21:38:08 GMT GET style/view.css
Monday, 23 December 2024 at 21:38:13 GMT GET style/view.css
Monday, 23 December 2024 at 21:38:19 GMT GET style/view.css
Monday, 23 December 2024 at 21:38:24 GMT GET style/view.css
Monday, 23 December 2024 at 21:38:29 GMT GET style/view.css
Monday, 23 December 2024 at 21:38:34 GMT GET style/view.css
Monday, 23 December 2024 at 21:38:39 GMT GET style/view.css
Monday, 23 December 2024 at 21:38:44 GMT GET style/view.css
Monday, 23 December 2024 at 21:38:50 GMT GET style/view.css
Monday, 23 December 2024 at 21:38:55 GMT GET style/view.css
Monday, 23 December 2024 at 21:39:00 GMT GET style/view.css
Monday, 23 December 2024 at 21:39:05 GMT GET style/view.css
Monday, 23 December 2024 at 21:39:10 GMT GET style/view.css
Monday, 23 December 2024 at 21:39:15 GMT GET style/view.css
Monday, 23 December 2024 at 21:39:21 GMT GET style/view.css
Monday, 23 December 2024 at 21:39:26 GMT GET style/view.css
Monday, 23 December 2024 at 21:39:31 GMT GET style/view.css
Monday, 23 December 2024 at 21:39:36 GMT GET style/view.css
Monday, 23 December 2024 at 21:39:41 GMT GET style/view.css
Monday, 23 December 2024 at 21:39:47 GMT GET style/view.css
Monday, 23 December 2024 at 21:39:52 GMT GET style/view.css
Monday, 23 December 2024 at 21:39:57 GMT GET style/view.css
Monday, 23 December 2024 at 21:40:02 GMT GET style/view.css
Monday, 23 December 2024 at 21:40:07 GMT GET style/view.css
Monday, 23 December 2024 at 21:40:12 GMT GET style/view.css
Monday, 23 December 2024 at 21:40:17 GMT GET style/view.css
Monday, 23 December 2024 at 21:40:22 GMT GET style/view.css
Monday, 23 December 2024 at 21:40:28 GMT GET style/view.css
Monday, 23 December 2024 at 21:40:33 GMT GET style/view.css
Monday, 23 December 2024 at 21:40:38 GMT GET style/view.css
Monday, 23 December 2024 at 21:40:43 GMT GET style/view.css
Monday, 23 December 2024 at 21:40:48 GMT GET style/view.css
Monday, 23 December 2024 at 21:40:54 GMT GET style/view.css
Monday, 23 December 2024 at 21:40:59 GMT GET style/view.css
Monday, 23 December 2024 at 21:41:04 GMT GET style/view.css
Monday, 23 December 2024 at 21:41:09 GMT GET style/view.css
Monday, 23 December 2024 at 21:41:14 GMT GET style/view.css
Monday, 23 December 2024 at 21:41:19 GMT GET style/view.css
Monday, 23 December 2024 at 21:41:24 GMT GET style/view.css
Monday, 23 December 2024 at 21:41:29 GMT GET style/view.css
Monday, 23 December 2024 at 21:41:35 GMT GET style/view.css
Monday, 23 December 2024 at 21:41:40 GMT GET style/view.css
Monday, 23 December 2024 at 21:41:45 GMT GET style/view.css
Monday, 23 December 2024 at 21:41:50 GMT GET style/view.css
Monday, 23 December 2024 at 21:41:55 GMT GET style/view.css
Monday, 23 December 2024 at 21:42:00 GMT GET style/view.css
Monday, 23 December 2024 at 21:42:06 GMT GET style/view.css
Monday, 23 December 2024 at 21:42:11 GMT GET style/view.css
Monday, 23 December 2024 at 21:42:16 GMT GET style/view.css
Monday, 23 December 2024 at 21:42:21 GMT GET style/view.css
Monday, 23 December 2024 at 21:42:26 GMT GET style/view.css
Monday, 23 December 2024 at 21:42:31 GMT GET style/view.css
Monday, 23 December 2024 at 21:42:36 GMT GET style/view.css
Monday, 23 December 2024 at 21:42:42 GMT GET style/view.css
Monday, 23 December 2024 at 21:42:47 GMT GET style/view.css
Monday, 23 December 2024 at 21:42:52 GMT GET style/view.css
Monday, 23 December 2024 at 21:42:57 GMT GET style/view.css
Monday, 23 December 2024 at 21:43:02 GMT GET style/view.css
Monday, 23 December 2024 at 21:43:07 GMT GET style/view.css
Monday, 23 December 2024 at 21:43:13 GMT GET style/view.css
Monday, 23 December 2024 at 21:43:18 GMT GET style/view.css
Monday, 23 December 2024 at 21:43:23 GMT GET style/view.css
Monday, 23 December 2024 at 21:43:28 GMT GET style/view.css
Monday, 23 December 2024 at 21:43:33 GMT GET style/view.css
Monday, 23 December 2024 at 21:43:38 GMT GET style/view.css
Monday, 23 December 2024 at 21:43:43 GMT GET style/view.css
Monday, 23 December 2024 at 21:43:49 GMT GET style/view.css
Monday, 23 December 2024 at 21:43:54 GMT GET style/view.css
Monday, 23 December 2024 at 21:43:59 GMT GET style/view.css
Monday, 23 December 2024 at 21:44:04 GMT GET style/view.css
Monday, 23 December 2024 at 21:44:09 GMT GET style/view.css
Monday, 23 December 2024 at 21:44:14 GMT GET style/view.css
Monday, 23 December 2024 at 21:44:20 GMT GET style/view.css
Monday, 23 December 2024 at 21:44:25 GMT GET style/view.css
Monday, 23 December 2024 at 21:44:30 GMT GET style/view.css
Monday, 23 December 2024 at 21:44:35 GMT GET style/view.css
Monday, 23 December 2024 at 21:44:40 GMT GET style/view.css
Monday, 23 December 2024 at 21:44:46 GMT GET style/view.css
Monday, 23 December 2024 at 21:44:51 GMT GET style/view.css
Monday, 23 December 2024 at 21:44:56 GMT GET style/view.css
Monday, 23 December 2024 at 21:45:01 GMT GET style/view.css
Monday, 23 December 2024 at 21:45:06 GMT GET style/view.css
Monday, 23 December 2024 at 21:45:11 GMT GET style/view.css
Monday, 23 December 2024 at 21:45:16 GMT GET style/view.css
Monday, 23 December 2024 at 21:45:22 GMT GET style/view.css
Monday, 23 December 2024 at 21:45:27 GMT GET style/view.css
Monday, 23 December 2024 at 21:45:32 GMT GET style/view.css
Monday, 23 December 2024 at 21:45:37 GMT GET style/view.css
Monday, 23 December 2024 at 21:45:42 GMT GET style/view.css
Monday, 23 December 2024 at 21:45:48 GMT GET style/view.css
Monday, 23 December 2024 at 21:45:53 GMT GET style/view.css
Monday, 23 December 2024 at 21:45:58 GMT GET style/view.css
Monday, 23 December 2024 at 21:46:03 GMT GET style/view.css
Monday, 23 December 2024 at 21:46:08 GMT GET style/view.css
Monday, 23 December 2024 at 21:46:13 GMT GET style/view.css
Monday, 23 December 2024 at 21:46:18 GMT GET style/view.css
Monday, 23 December 2024 at 21:46:24 GMT GET style/view.css
Monday, 23 December 2024 at 21:46:29 GMT GET style/view.css
Monday, 23 December 2024 at 21:46:34 GMT GET style/view.css
Monday, 23 December 2024 at 21:46:39 GMT GET style/view.css
Monday, 23 December 2024 at 21:46:44 GMT GET style/view.css
Monday, 23 December 2024 at 21:46:49 GMT GET style/view.css
Monday, 23 December 2024 at 21:46:54 GMT GET style/view.css
Monday, 23 December 2024 at 21:47:00 GMT GET style/view.css
Monday, 23 December 2024 at 21:47:05 GMT GET style/view.css
Monday, 23 December 2024 at 21:47:10 GMT GET style/view.css
Restarting 'init.js'
CURRENT VIEW in view.js: welcome
Monday, 23 December 2024 at 21:47:11 GMT Server running at http://192.168.0.15:3000/
Monday, 23 December 2024 at 21:47:15 GMT GET style/view.css
Monday, 23 December 2024 at 21:47:20 GMT GET style/view.css
Monday, 23 December 2024 at 21:47:25 GMT GET style/view.css
Monday, 23 December 2024 at 21:47:31 GMT GET style/view.css
Monday, 23 December 2024 at 21:47:36 GMT GET style/view.css
Monday, 23 December 2024 at 21:47:41 GMT GET style/view.css
Restarting 'init.js'
CURRENT VIEW in view.js: welcome
Monday, 23 December 2024 at 21:47:43 GMT Server running at http://192.168.0.15:3000/
Restarting 'init.js'
CURRENT VIEW in view.js: welcome
Monday, 23 December 2024 at 21:47:46 GMT Server running at http://192.168.0.15:3000/
Monday, 23 December 2024 at 21:47:46 GMT GET style/view.css
Monday, 23 December 2024 at 21:47:51 GMT GET style/view.css
Monday, 23 December 2024 at 21:47:56 GMT GET style/view.css
Monday, 23 December 2024 at 21:48:02 GMT GET style/view.css
Monday, 23 December 2024 at 21:48:07 GMT GET style/view.css
Monday, 23 December 2024 at 21:48:12 GMT GET style/view.css
Monday, 23 December 2024 at 21:48:17 GMT GET style/view.css
Monday, 23 December 2024 at 21:48:22 GMT GET style/view.css
Monday, 23 December 2024 at 21:48:27 GMT GET style/view.css
Monday, 23 December 2024 at 21:48:33 GMT GET style/view.css
Restarting 'init.js'
CURRENT VIEW in view.js: welcome
Monday, 23 December 2024 at 21:48:34 GMT Server running at http://192.168.0.15:3000/
Restarting 'init.js'
CURRENT VIEW in view.js: welcome
Monday, 23 December 2024 at 21:48:38 GMT Server running at http://192.168.0.15:3000/
Monday, 23 December 2024 at 21:48:38 GMT GET style/view.css
Monday, 23 December 2024 at 21:48:43 GMT GET style/view.css
Monday, 23 December 2024 at 21:48:48 GMT GET style/view.css
Monday, 23 December 2024 at 21:48:54 GMT GET style/view.css
Monday, 23 December 2024 at 21:48:59 GMT GET style/view.css
Monday, 23 December 2024 at 21:49:04 GMT GET style/view.css
Monday, 23 December 2024 at 21:49:09 GMT GET style/view.css
Monday, 23 December 2024 at 21:49:12 GMT GET style/view.css
Monday, 23 December 2024 at 21:49:18 GMT GET style/view.css
Monday, 23 December 2024 at 21:49:22 GMT GET style/view.css
Monday, 23 December 2024 at 21:49:23 GMT GET style/view.css
Monday, 23 December 2024 at 21:49:28 GMT GET style/view.css
Monday, 23 December 2024 at 21:49:33 GMT GET style/view.css
Monday, 23 December 2024 at 21:49:39 GMT GET style/view.css
Monday, 23 December 2024 at 21:49:44 GMT GET style/view.css
Monday, 23 December 2024 at 21:49:50 GMT GET style/view.css
Monday, 23 December 2024 at 21:49:55 GMT GET style/view.css
Monday, 23 December 2024 at 21:50:00 GMT GET style/view.css
Monday, 23 December 2024 at 21:50:05 GMT GET style/view.css
Monday, 23 December 2024 at 21:50:11 GMT GET style/view.css
Monday, 23 December 2024 at 21:50:16 GMT GET style/view.css
Monday, 23 December 2024 at 21:50:21 GMT GET style/view.css
Monday, 23 December 2024 at 21:50:26 GMT GET style/view.css
Monday, 23 December 2024 at 21:50:31 GMT GET style/view.css
Monday, 23 December 2024 at 21:50:37 GMT GET style/view.css
Monday, 23 December 2024 at 21:50:42 GMT GET style/view.css
Monday, 23 December 2024 at 21:50:47 GMT GET style/view.css
Monday, 23 December 2024 at 21:50:52 GMT GET style/view.css
Monday, 23 December 2024 at 21:50:58 GMT GET style/view.css
Monday, 23 December 2024 at 21:51:03 GMT GET style/view.css
Monday, 23 December 2024 at 21:51:08 GMT GET style/view.css
Monday, 23 December 2024 at 21:51:13 GMT GET style/view.css
Monday, 23 December 2024 at 21:51:19 GMT GET style/view.css
Monday, 23 December 2024 at 21:51:24 GMT GET style/view.css
Monday, 23 December 2024 at 21:51:29 GMT GET style/view.css
Monday, 23 December 2024 at 21:51:34 GMT GET style/view.css
Monday, 23 December 2024 at 21:51:40 GMT GET style/view.css
Monday, 23 December 2024 at 21:51:45 GMT GET style/view.css
Monday, 23 December 2024 at 21:51:50 GMT GET style/view.css
Monday, 23 December 2024 at 21:51:55 GMT GET style/view.css
Restarting 'init.js'
CURRENT VIEW in view.js: welcome
Monday, 23 December 2024 at 21:51:58 GMT Server running at http://192.168.0.15:3000/
Restarting 'init.js'
CURRENT VIEW in view.js: welcome
Monday, 23 December 2024 at 21:52:03 GMT Server running at http://192.168.0.15:3000/
Restarting 'init.js'
CURRENT VIEW in view.js: welcome
Monday, 23 December 2024 at 21:55:02 GMT Server running at http://192.168.0.15:3000/
Restarting 'init.js'
CURRENT VIEW in view.js: welcome
Monday, 23 December 2024 at 21:56:03 GMT Server running at http://192.168.0.15:3000/
Restarting 'init.js'
CURRENT VIEW in view.js: welcome
Monday, 23 December 2024 at 22:01:54 GMT Server running at http://192.168.0.15:3000/
Restarting 'init.js'
CURRENT VIEW in view.js: welcome
Monday, 23 December 2024 at 22:03:23 GMT Server running at http://192.168.0.15:3000/
Updating team name 0 Big Keith's Toast Wank
Updating team score 0 32
Updating team name 1 Fuggin fuggers
Updating team score 1 3
Updating team name 2 Kevin's Arse Wranglers
Updating team score 2 22
Updating team name 0 Big Keith's Toast Wank
Updating team score 0 32
Updating team name 1 Fuggin fuggers
Updating team score 1 3
Updating team name 2 Kevin's Arse Wranglers
Updating team score 2 31
TEAM NAME:Big Keith's Smeg Buckets
New Team Added Big Keith's Smeg Buckets
All teams: Big Keith's Toast Wank,Fuggin fuggers,Kevin's Arse Wranglers,Big Keith's Smeg Buckets
File updated ./data/teams.json
Restarting 'init.js'
CURRENT VIEW in view.js: welcome
Monday, 23 December 2024 at 22:13:54 GMT Server running at http://192.168.0.15:3000/
Restarting 'init.js'
CURRENT VIEW in view.js: welcome
Monday, 23 December 2024 at 22:15:07 GMT Server running at http://192.168.0.15:3000/
Restarting 'init.js'
CURRENT VIEW in view.js: welcome
Monday, 23 December 2024 at 22:26:52 GMT Server running at http://192.168.0.15:3000/
Updating team name 0 Big Keith's Toast Wank
Updating team score 0 32
Updating team name 1 Fuggin fuggers
Updating team score 1 3
Updating team name 2 Kevin's Arse Wranglers
Updating team score 2 31
Deleting team 2 on
/home/pi/NodeJS/BigFatQuiz/classes/QuizGame.js:65
		this.teams.splice(i, 1);
		                  ^

ReferenceError: i is not defined
    at QuizGame.deleteTeam (/home/pi/NodeJS/BigFatQuiz/classes/QuizGame.js:65:21)
    at /home/pi/NodeJS/BigFatQuiz/init.js:161:13
    at Array.forEach (<anonymous>)
    at IncomingMessage.<anonymous> (/home/pi/NodeJS/BigFatQuiz/init.js:132:23)
    at IncomingMessage.emit (node:events:525:35)
    at endReadableNT (node:internal/streams/readable:1359:12)
    at process.processTicksAndRejections (node:internal/process/task_queues:82:21)

Node.js v18.16.0
Failed running 'init.js'
Restarting 'init.js'
CURRENT VIEW in view.js: welcome
Monday, 23 December 2024 at 22:28:14 GMT Server running at http://192.168.0.15:3000/
Updating team name 0 Big Keith's Toast Wank
Updating team score 0 32
Updating team name 1 Fuggin fuggers
Updating team score 1 3
Updating team name 2 Kevin's Arse Wranglers
Updating team score 2 31
Updating team name 3 Big Keith's Smeg Buckets
Updating team score 3 2222
Restarting 'init.js'
CURRENT VIEW in view.js: welcome
Monday, 23 December 2024 at 22:44:55 GMT Server running at http://192.168.0.15:3000/
Updating team name 0 Big Keith's Toast Wank
Updating team score 0 32
Updating team name 1 Fuggin fuggers
Updating team score 1 3
Updating team name 2 Kevin's Arse Wranglers
Updating team score 2 31
Updating team name 3 Big Keith's Smeg Buckets
Updating team score 3 185
TEAM NAME:Big Keith's Smeg Buckets
Big Keith's Smeg Buckets already in the list of teams with [object Object],[object Object],[object Object],[object Object]
Restarting 'init.js'
CURRENT VIEW in view.js: questions
Monday, 23 December 2024 at 22:54:30 GMT Server running at http://192.168.0.15:3000/
Restarting 'init.js'
